

================================================================
== Vitis HLS Report for 'mandelbrot_compute_Pipeline_l_S_count1_0_count1'
================================================================
* Date:           Wed Dec 11 17:28:11 2024

* Version:        2022.1 (Build 3526262 on Mon Apr 18 15:47:01 MDT 2022)
* Project:        out.prj
* Solution:       solution1 (Vivado IP Flow Target)
* Product family: virtexuplus
* Target device:  xcu280-fsvh2892-2L-e


================================================================
== Performance Estimates
================================================================
+ Timing: 
    * Summary: 
    +--------+---------+----------+------------+
    |  Clock |  Target | Estimated| Uncertainty|
    +--------+---------+----------+------------+
    |ap_clk  |  3.33 ns|  6.395 ns|     0.90 ns|
    +--------+---------+----------+------------+

+ Latency: 
    * Summary: 
    +---------+---------+-----------+-----------+------+------+---------+
    |  Latency (cycles) |   Latency (absolute)  |   Interval  | Pipeline|
    |   min   |   max   |    min    |    max    |  min |  max |   Type  |
    +---------+---------+-----------+-----------+------+------+---------+
    |     3003|     3003|  19.204 us|  19.204 us|  3003|  3003|       no|
    +---------+---------+-----------+-----------+------+------+---------+

    + Detail: 
        * Instance: 
        N/A

        * Loop: 
        +-----------------------+---------+---------+----------+-----------+-----------+------+----------+
        |                       |  Latency (cycles) | Iteration|  Initiation Interval  | Trip |          |
        |       Loop Name       |   min   |   max   |  Latency |  achieved |   target  | Count| Pipelined|
        +-----------------------+---------+---------+----------+-----------+-----------+------+----------+
        |- l_S_count1_0_count1  |     3001|     3001|         5|          3|          2|  1000|       yes|
        +-----------------------+---------+---------+----------+-----------+-----------+------+----------+

============================================================
+ Verbose Summary: Synthesis Manager
============================================================
InlineROM: 1
ExposeGlobal: 0
============================================================
+ Verbose Summary: CDFG Model
============================================================
IsTopModel: 0
ResetActiveHigh: 1
IsCombinational: 0
IsDatapathOnly: 0
HasWiredReturn: 1
HasMFsm: 2
HasVarLatency: 1
IsPipeline: 0
IsRtlPipelined: 0
IsInstanceOverlapped: 0
IsDontTouch: 0
HasImplIP: 0
IsGatedGlobalClock: 0

+ Individual pipeline summary: 
  * Pipeline-0: initiation interval (II) = 3, depth = 6


============================================================
+ Verbose Summary: Schedule
============================================================
* Number of FSM states : 6
* Pipeline : 1
  Pipeline-0 : II = 3, D = 6, States = { 1 2 3 4 5 6 }
* Dataflow Pipeline: 0

* FSM state transitions: 
1 --> 2 
2 --> 3 
3 --> 4 
4 --> 5 
5 --> 6 
6 --> 

* FSM state operations: 

State 1 <SV = 0> <Delay = 0.38>
ST_1 : Operation 8 [1/1] (0.00ns)   --->   "%v62_V = alloca i32 1"   --->   Operation 8 'alloca' 'v62_V' <Predicate = true> <Delay = 0.00>
ST_1 : Operation 9 [1/1] (0.00ns)   --->   "%v57_V = alloca i32 1"   --->   Operation 9 'alloca' 'v57_V' <Predicate = true> <Delay = 0.00>
ST_1 : Operation 10 [1/1] (0.00ns)   --->   "%v34_V = alloca i32 1"   --->   Operation 10 'alloca' 'v34_V' <Predicate = true> <Delay = 0.00>
ST_1 : Operation 11 [1/1] (0.00ns)   --->   "%v38 = alloca i32 1"   --->   Operation 11 'alloca' 'v38' <Predicate = true> <Delay = 0.00>
ST_1 : Operation 12 [1/1] (0.00ns)   --->   "%count1 = alloca i32 1"   --->   Operation 12 'alloca' 'count1' <Predicate = true> <Delay = 0.00>
ST_1 : Operation 13 [1/1] (0.38ns)   --->   "%store_ln0 = store i10 0, i10 %count1"   --->   Operation 13 'store' 'store_ln0' <Predicate = true> <Delay = 0.38>
ST_1 : Operation 14 [1/1] (0.38ns)   --->   "%store_ln0 = store i32 0, i32 %v38"   --->   Operation 14 'store' 'store_ln0' <Predicate = true> <Delay = 0.38>
ST_1 : Operation 15 [1/1] (0.38ns)   --->   "%store_ln0 = store i30 0, i30 %v34_V"   --->   Operation 15 'store' 'store_ln0' <Predicate = true> <Delay = 0.38>
ST_1 : Operation 16 [1/1] (0.38ns)   --->   "%store_ln0 = store i30 0, i30 %v57_V"   --->   Operation 16 'store' 'store_ln0' <Predicate = true> <Delay = 0.38>
ST_1 : Operation 17 [1/1] (0.38ns)   --->   "%store_ln0 = store i30 0, i30 %v62_V"   --->   Operation 17 'store' 'store_ln0' <Predicate = true> <Delay = 0.38>
ST_1 : Operation 18 [1/1] (0.00ns)   --->   "%br_ln0 = br void %for.body.i"   --->   Operation 18 'br' 'br_ln0' <Predicate = true> <Delay = 0.00>

State 2 <SV = 1> <Delay = 6.39>
ST_2 : Operation 19 [1/1] (0.00ns)   --->   "%count1_1 = load i10 %count1" [kernel.cpp:62->kernel.cpp:228]   --->   Operation 19 'load' 'count1_1' <Predicate = true> <Delay = 0.00>
ST_2 : Operation 20 [1/1] (0.60ns)   --->   "%icmp_ln62 = icmp_eq  i10 %count1_1, i10 1000" [kernel.cpp:62->kernel.cpp:228]   --->   Operation 20 'icmp' 'icmp_ln62' <Predicate = true> <Delay = 0.60> <CoreInst = "Cmp">   --->   Core 9 'Cmp' <Latency = 0> <II = 1> <Delay = 0.60> <FuncUnit> <Opcode : 'icmp'> <InPorts = 2> <OutPorts = 1>
ST_2 : Operation 21 [1/1] (0.00ns)   --->   "%empty = speclooptripcount i32 @_ssdm_op_SpecLoopTripCount, i64 1000, i64 1000, i64 1000"   --->   Operation 21 'speclooptripcount' 'empty' <Predicate = true> <Delay = 0.00>
ST_2 : Operation 22 [1/1] (0.72ns)   --->   "%count1_2 = add i10 %count1_1, i10 1" [kernel.cpp:62->kernel.cpp:228]   --->   Operation 22 'add' 'count1_2' <Predicate = true> <Delay = 0.72> <CoreInst = "Adder">   --->   Core 1 'Adder' <Latency = 0> <II = 1> <Delay = 0.72> <FuncUnit> <Opcode : 'add' 'sub'> <InPorts = 2> <OutPorts = 1>
ST_2 : Operation 23 [1/1] (0.00ns)   --->   "%br_ln62 = br i1 %icmp_ln62, void %for.body.split_ifconv.i, void %pe.exit.exitStub" [kernel.cpp:62->kernel.cpp:228]   --->   Operation 23 'br' 'br_ln62' <Predicate = true> <Delay = 0.00>
ST_2 : Operation 24 [1/1] (0.00ns)   --->   "%v62_V_load = load i30 %v62_V"   --->   Operation 24 'load' 'v62_V_load' <Predicate = (!icmp_ln62)> <Delay = 0.00>
ST_2 : Operation 25 [1/1] (0.00ns)   --->   "%v57_V_load = load i30 %v57_V"   --->   Operation 25 'load' 'v57_V_load' <Predicate = (!icmp_ln62)> <Delay = 0.00>
ST_2 : Operation 26 [1/1] (0.00ns)   --->   "%v42_V = bitconcatenate i55 @_ssdm_op_BitConcatenate.i55.i30.i25, i30 %v57_V_load, i25 0"   --->   Operation 26 'bitconcatenate' 'v42_V' <Predicate = (!icmp_ln62)> <Delay = 0.00>
ST_2 : Operation 27 [1/1] (0.00ns)   --->   "%v44_V = bitconcatenate i55 @_ssdm_op_BitConcatenate.i55.i30.i25, i30 %v62_V_load, i25 0"   --->   Operation 27 'bitconcatenate' 'v44_V' <Predicate = (!icmp_ln62)> <Delay = 0.00>
ST_2 : Operation 28 [1/1] (0.00ns)   --->   "%sext_ln1316 = sext i55 %v42_V"   --->   Operation 28 'sext' 'sext_ln1316' <Predicate = (!icmp_ln62)> <Delay = 0.00>
ST_2 : Operation 29 [1/1] (0.00ns)   --->   "%sext_ln1316_1 = sext i55 %v42_V"   --->   Operation 29 'sext' 'sext_ln1316_1' <Predicate = (!icmp_ln62)> <Delay = 0.00>
ST_2 : Operation 30 [1/1] (0.00ns)   --->   "%sext_ln1319 = sext i55 %v44_V"   --->   Operation 30 'sext' 'sext_ln1319' <Predicate = (!icmp_ln62)> <Delay = 0.00>
ST_2 : Operation 31 [1/1] (0.00ns)   --->   "%sext_ln1319_1 = sext i55 %v44_V"   --->   Operation 31 'sext' 'sext_ln1319_1' <Predicate = (!icmp_ln62)> <Delay = 0.00>
ST_2 : Operation 32 [1/1] (3.21ns)   --->   "%r_V_2 = mul i104 %sext_ln1319_1, i104 %sext_ln1316_1"   --->   Operation 32 'mul' 'r_V_2' <Predicate = (!icmp_ln62)> <Delay = 3.21> <CoreInst = "Mul_LUT">   --->   Core 4 'Mul_LUT' <Latency = 0> <II = 1> <Delay = 3.21> <FuncUnit> <Opcode : 'mul'> <InPorts = 2> <OutPorts = 1>
ST_2 : Operation 33 [1/1] (0.00ns)   --->   "%v48_V = partselect i55 @_ssdm_op_PartSelect.i55.i104.i32.i32, i104 %r_V_2, i32 49, i32 103"   --->   Operation 33 'partselect' 'v48_V' <Predicate = (!icmp_ln62)> <Delay = 0.00>
ST_2 : Operation 34 [1/1] (1.02ns)   --->   "%v52_V = add i55 %v48_V, i55 1125899906842624"   --->   Operation 34 'add' 'v52_V' <Predicate = (!icmp_ln62)> <Delay = 1.02> <CoreInst = "Adder">   --->   Core 1 'Adder' <Latency = 0> <II = 1> <Delay = 1.02> <FuncUnit> <Opcode : 'add' 'sub'> <InPorts = 2> <OutPorts = 1>
ST_2 : Operation 35 [1/1] (0.00ns)   --->   "%v53_V = partselect i30 @_ssdm_op_PartSelect.i30.i55.i32.i32, i55 %v52_V, i32 25, i32 54"   --->   Operation 35 'partselect' 'v53_V' <Predicate = (!icmp_ln62)> <Delay = 0.00>
ST_2 : Operation 36 [1/1] (3.21ns)   --->   "%r_V = mul i105 %sext_ln1316, i105 %sext_ln1316"   --->   Operation 36 'mul' 'r_V' <Predicate = (!icmp_ln62)> <Delay = 3.21> <CoreInst = "Mul_LUT">   --->   Core 4 'Mul_LUT' <Latency = 0> <II = 1> <Delay = 3.21> <FuncUnit> <Opcode : 'mul'> <InPorts = 2> <OutPorts = 1>
ST_2 : Operation 37 [1/1] (0.00ns)   --->   "%v58_V = partselect i55 @_ssdm_op_PartSelect.i55.i105.i32.i32, i105 %r_V, i32 50, i32 104"   --->   Operation 37 'partselect' 'v58_V' <Predicate = (!icmp_ln62)> <Delay = 0.00>
ST_2 : Operation 38 [1/1] (3.21ns)   --->   "%r_V_4 = mul i105 %sext_ln1319, i105 %sext_ln1319"   --->   Operation 38 'mul' 'r_V_4' <Predicate = (!icmp_ln62)> <Delay = 3.21> <CoreInst = "Mul_LUT">   --->   Core 4 'Mul_LUT' <Latency = 0> <II = 1> <Delay = 3.21> <FuncUnit> <Opcode : 'mul'> <InPorts = 2> <OutPorts = 1>
ST_2 : Operation 39 [1/1] (0.00ns)   --->   "%v63_V = partselect i55 @_ssdm_op_PartSelect.i55.i105.i32.i32, i105 %r_V_4, i32 50, i32 104"   --->   Operation 39 'partselect' 'v63_V' <Predicate = (!icmp_ln62)> <Delay = 0.00>
ST_2 : Operation 40 [1/1] (0.00ns) (grouped into TernaryAdder)   --->   "%v66_V = add i55 %v58_V, i55 33776997205278720"   --->   Operation 40 'add' 'v66_V' <Predicate = (!icmp_ln62)> <Delay = 0.00> <CoreInst = "TAddSub">   --->   Core 10 'TAddSub' <Latency = 0> <II = 1> <Delay = 0.40> <IPBlock> <Opcode : 'add' 'sub'> <InPorts = 3> <OutPorts = 1> <Sync> <CReg>
ST_2 : Operation 41 [1/1] (0.80ns) (root node of TernaryAdder)   --->   "%v70_V = sub i55 %v66_V, i55 %v63_V"   --->   Operation 41 'sub' 'v70_V' <Predicate = (!icmp_ln62)> <Delay = 0.80> <CoreInst = "TAddSub">   --->   Core 10 'TAddSub' <Latency = 0> <II = 1> <Delay = 0.40> <IPBlock> <Opcode : 'add' 'sub'> <InPorts = 3> <OutPorts = 1> <Sync> <CReg>
ST_2 : Operation 42 [1/1] (0.00ns)   --->   "%v71_V = partselect i30 @_ssdm_op_PartSelect.i30.i55.i32.i32, i55 %v70_V, i32 25, i32 54"   --->   Operation 42 'partselect' 'v71_V' <Predicate = (!icmp_ln62)> <Delay = 0.00>
ST_2 : Operation 43 [1/1] (0.00ns)   --->   "%v73_V = bitconcatenate i55 @_ssdm_op_BitConcatenate.i55.i30.i25, i30 %v71_V, i25 0"   --->   Operation 43 'bitconcatenate' 'v73_V' <Predicate = (!icmp_ln62)> <Delay = 0.00>
ST_2 : Operation 44 [1/1] (0.00ns)   --->   "%sext_ln1316_2 = sext i55 %v73_V"   --->   Operation 44 'sext' 'sext_ln1316_2' <Predicate = (!icmp_ln62)> <Delay = 0.00>
ST_2 : Operation 45 [5/5] (2.13ns)   --->   "%r_V_6 = mul i105 %sext_ln1316_2, i105 %sext_ln1316_2"   --->   Operation 45 'mul' 'r_V_6' <Predicate = (!icmp_ln62)> <Delay = 2.13> <CoreInst = "Mul_DSP">   --->   Core 5 'Mul_DSP' <Latency = 4> <II = 1> <Delay = 2.13> <FuncUnit> <Opcode : 'mul'> <InPorts = 2> <OutPorts = 1>
ST_2 : Operation 46 [1/1] (0.00ns)   --->   "%v78_V = bitconcatenate i55 @_ssdm_op_BitConcatenate.i55.i30.i25, i30 %v53_V, i25 0"   --->   Operation 46 'bitconcatenate' 'v78_V' <Predicate = (!icmp_ln62)> <Delay = 0.00>
ST_2 : Operation 47 [1/1] (0.00ns)   --->   "%sext_ln1316_3 = sext i55 %v78_V"   --->   Operation 47 'sext' 'sext_ln1316_3' <Predicate = (!icmp_ln62)> <Delay = 0.00>
ST_2 : Operation 48 [5/5] (2.15ns)   --->   "%r_V_8 = mul i105 %sext_ln1316_3, i105 %sext_ln1316_3"   --->   Operation 48 'mul' 'r_V_8' <Predicate = (!icmp_ln62)> <Delay = 2.15> <CoreInst = "Multiplier">   --->   Core 3 'Multiplier' <Latency = 4> <II = 1> <Delay = 2.15> <FuncUnit> <Opcode : 'mul'> <InPorts = 2> <OutPorts = 1>
ST_2 : Operation 49 [1/1] (0.38ns)   --->   "%store_ln62 = store i10 %count1_2, i10 %count1" [kernel.cpp:62->kernel.cpp:228]   --->   Operation 49 'store' 'store_ln62' <Predicate = (!icmp_ln62)> <Delay = 0.38>

State 3 <SV = 2> <Delay = 2.15>
ST_3 : Operation 50 [4/5] (2.13ns)   --->   "%r_V_6 = mul i105 %sext_ln1316_2, i105 %sext_ln1316_2"   --->   Operation 50 'mul' 'r_V_6' <Predicate = (!icmp_ln62)> <Delay = 2.13> <CoreInst = "Mul_DSP">   --->   Core 5 'Mul_DSP' <Latency = 4> <II = 1> <Delay = 2.13> <FuncUnit> <Opcode : 'mul'> <InPorts = 2> <OutPorts = 1>
ST_3 : Operation 51 [4/5] (2.15ns)   --->   "%r_V_8 = mul i105 %sext_ln1316_3, i105 %sext_ln1316_3"   --->   Operation 51 'mul' 'r_V_8' <Predicate = (!icmp_ln62)> <Delay = 2.15> <CoreInst = "Multiplier">   --->   Core 3 'Multiplier' <Latency = 4> <II = 1> <Delay = 2.15> <FuncUnit> <Opcode : 'mul'> <InPorts = 2> <OutPorts = 1>
ST_3 : Operation 78 [1/1] (0.00ns)   --->   "%v38_load = load i32 %v38"   --->   Operation 78 'load' 'v38_load' <Predicate = (icmp_ln62)> <Delay = 0.00>
ST_3 : Operation 79 [1/1] (0.00ns)   --->   "%write_ln0 = write void @_ssdm_op_Write.ap_auto.i32P0A, i32 %count2_2_out, i32 %v38_load"   --->   Operation 79 'write' 'write_ln0' <Predicate = (icmp_ln62)> <Delay = 0.00>
ST_3 : Operation 80 [1/1] (0.00ns)   --->   "%ret_ln0 = ret"   --->   Operation 80 'ret' 'ret_ln0' <Predicate = (icmp_ln62)> <Delay = 0.00>

State 4 <SV = 3> <Delay = 2.15>
ST_4 : Operation 52 [1/1] (0.00ns)   --->   "%v34_V_load = load i30 %v34_V"   --->   Operation 52 'load' 'v34_V_load' <Predicate = (!icmp_ln62)> <Delay = 0.00>
ST_4 : Operation 53 [1/1] (0.00ns)   --->   "%v38_load_1 = load i32 %v38" [kernel.cpp:70->kernel.cpp:228]   --->   Operation 53 'load' 'v38_load_1' <Predicate = (!icmp_ln62)> <Delay = 0.00>
ST_4 : Operation 54 [1/1] (0.00ns)   --->   "%tmp = partselect i3 @_ssdm_op_PartSelect.i3.i30.i32.i32, i30 %v34_V_load, i32 27, i32 29"   --->   Operation 54 'partselect' 'tmp' <Predicate = (!icmp_ln62)> <Delay = 0.00>
ST_4 : Operation 55 [1/1] (0.49ns)   --->   "%v37 = icmp_slt  i3 %tmp, i3 1"   --->   Operation 55 'icmp' 'v37' <Predicate = (!icmp_ln62)> <Delay = 0.49> <CoreInst = "Cmp">   --->   Core 9 'Cmp' <Latency = 0> <II = 1> <Delay = 0.49> <FuncUnit> <Opcode : 'icmp'> <InPorts = 2> <OutPorts = 1>
ST_4 : Operation 56 [1/1] (0.88ns)   --->   "%v39 = add i32 %v38_load_1, i32 1" [kernel.cpp:70->kernel.cpp:228]   --->   Operation 56 'add' 'v39' <Predicate = (!icmp_ln62)> <Delay = 0.88> <CoreInst = "Adder">   --->   Core 1 'Adder' <Latency = 0> <II = 1> <Delay = 0.88> <FuncUnit> <Opcode : 'add' 'sub'> <InPorts = 2> <OutPorts = 1>
ST_4 : Operation 57 [3/5] (2.13ns)   --->   "%r_V_6 = mul i105 %sext_ln1316_2, i105 %sext_ln1316_2"   --->   Operation 57 'mul' 'r_V_6' <Predicate = (!icmp_ln62)> <Delay = 2.13> <CoreInst = "Mul_DSP">   --->   Core 5 'Mul_DSP' <Latency = 4> <II = 1> <Delay = 2.13> <FuncUnit> <Opcode : 'mul'> <InPorts = 2> <OutPorts = 1>
ST_4 : Operation 58 [3/5] (2.15ns)   --->   "%r_V_8 = mul i105 %sext_ln1316_3, i105 %sext_ln1316_3"   --->   Operation 58 'mul' 'r_V_8' <Predicate = (!icmp_ln62)> <Delay = 2.15> <CoreInst = "Multiplier">   --->   Core 3 'Multiplier' <Latency = 4> <II = 1> <Delay = 2.15> <FuncUnit> <Opcode : 'mul'> <InPorts = 2> <OutPorts = 1>
ST_4 : Operation 59 [1/1] (0.27ns)   --->   "%v79_V = select i1 %v37, i30 %v53_V, i30 %v62_V_load"   --->   Operation 59 'select' 'v79_V' <Predicate = (!icmp_ln62)> <Delay = 0.27> <CoreInst = "Sel">   --->   Core 73 'Sel' <Latency = 0> <II = 1> <Delay = 0.27> <FuncUnit> <Opcode : 'select'> <InPorts = 3> <OutPorts = 1>
ST_4 : Operation 60 [1/1] (0.27ns)   --->   "%v74_V = select i1 %v37, i30 %v71_V, i30 %v57_V_load"   --->   Operation 60 'select' 'v74_V' <Predicate = (!icmp_ln62)> <Delay = 0.27> <CoreInst = "Sel">   --->   Core 73 'Sel' <Latency = 0> <II = 1> <Delay = 0.27> <FuncUnit> <Opcode : 'select'> <InPorts = 3> <OutPorts = 1>
ST_4 : Operation 61 [1/1] (0.22ns)   --->   "%count2_1 = select i1 %v37, i32 %v39, i32 %v38_load_1"   --->   Operation 61 'select' 'count2_1' <Predicate = (!icmp_ln62)> <Delay = 0.22> <CoreInst = "Sel">   --->   Core 73 'Sel' <Latency = 0> <II = 1> <Delay = 0.22> <FuncUnit> <Opcode : 'select'> <InPorts = 3> <OutPorts = 1>
ST_4 : Operation 62 [1/1] (0.38ns)   --->   "%store_ln62 = store i32 %count2_1, i32 %v38" [kernel.cpp:62->kernel.cpp:228]   --->   Operation 62 'store' 'store_ln62' <Predicate = (!icmp_ln62)> <Delay = 0.38>
ST_4 : Operation 63 [1/1] (0.38ns)   --->   "%store_ln62 = store i30 %v74_V, i30 %v57_V" [kernel.cpp:62->kernel.cpp:228]   --->   Operation 63 'store' 'store_ln62' <Predicate = (!icmp_ln62)> <Delay = 0.38>
ST_4 : Operation 64 [1/1] (0.38ns)   --->   "%store_ln62 = store i30 %v79_V, i30 %v62_V" [kernel.cpp:62->kernel.cpp:228]   --->   Operation 64 'store' 'store_ln62' <Predicate = (!icmp_ln62)> <Delay = 0.38>

State 5 <SV = 4> <Delay = 2.15>
ST_5 : Operation 65 [2/5] (2.13ns)   --->   "%r_V_6 = mul i105 %sext_ln1316_2, i105 %sext_ln1316_2"   --->   Operation 65 'mul' 'r_V_6' <Predicate = true> <Delay = 2.13> <CoreInst = "Mul_DSP">   --->   Core 5 'Mul_DSP' <Latency = 4> <II = 1> <Delay = 2.13> <FuncUnit> <Opcode : 'mul'> <InPorts = 2> <OutPorts = 1>
ST_5 : Operation 66 [2/5] (2.15ns)   --->   "%r_V_8 = mul i105 %sext_ln1316_3, i105 %sext_ln1316_3"   --->   Operation 66 'mul' 'r_V_8' <Predicate = true> <Delay = 2.15> <CoreInst = "Multiplier">   --->   Core 3 'Multiplier' <Latency = 4> <II = 1> <Delay = 2.15> <FuncUnit> <Opcode : 'mul'> <InPorts = 2> <OutPorts = 1>

State 6 <SV = 5> <Delay = 3.84>
ST_6 : Operation 67 [1/1] (0.00ns)   --->   "%specpipeline_ln63 = specpipeline void @_ssdm_op_SpecPipeline, i32 2, i32 0, i32 0, i32 0, void @empty_10" [kernel.cpp:63->kernel.cpp:228]   --->   Operation 67 'specpipeline' 'specpipeline_ln63' <Predicate = true> <Delay = 0.00>
ST_6 : Operation 68 [1/1] (0.00ns)   --->   "%specloopname_ln52 = specloopname void @_ssdm_op_SpecLoopName, void @empty_6" [kernel.cpp:52->kernel.cpp:228]   --->   Operation 68 'specloopname' 'specloopname_ln52' <Predicate = true> <Delay = 0.00>
ST_6 : Operation 69 [1/5] (2.13ns)   --->   "%r_V_6 = mul i105 %sext_ln1316_2, i105 %sext_ln1316_2"   --->   Operation 69 'mul' 'r_V_6' <Predicate = true> <Delay = 2.13> <CoreInst = "Mul_DSP">   --->   Core 5 'Mul_DSP' <Latency = 4> <II = 1> <Delay = 2.13> <FuncUnit> <Opcode : 'mul'> <InPorts = 2> <OutPorts = 1>
ST_6 : Operation 70 [1/1] (0.00ns)   --->   "%v76_V = partselect i55 @_ssdm_op_PartSelect.i55.i105.i32.i32, i105 %r_V_6, i32 50, i32 104"   --->   Operation 70 'partselect' 'v76_V' <Predicate = (v37)> <Delay = 0.00>
ST_6 : Operation 71 [1/5] (2.15ns)   --->   "%r_V_8 = mul i105 %sext_ln1316_3, i105 %sext_ln1316_3"   --->   Operation 71 'mul' 'r_V_8' <Predicate = true> <Delay = 2.15> <CoreInst = "Multiplier">   --->   Core 3 'Multiplier' <Latency = 4> <II = 1> <Delay = 2.15> <FuncUnit> <Opcode : 'mul'> <InPorts = 2> <OutPorts = 1>
ST_6 : Operation 72 [1/1] (0.00ns)   --->   "%v81_V = partselect i55 @_ssdm_op_PartSelect.i55.i105.i32.i32, i105 %r_V_8, i32 50, i32 104"   --->   Operation 72 'partselect' 'v81_V' <Predicate = (v37)> <Delay = 0.00>
ST_6 : Operation 73 [1/1] (1.02ns)   --->   "%v84_V = add i55 %v76_V, i55 %v81_V"   --->   Operation 73 'add' 'v84_V' <Predicate = (v37)> <Delay = 1.02> <CoreInst = "Adder">   --->   Core 1 'Adder' <Latency = 0> <II = 1> <Delay = 1.02> <FuncUnit> <Opcode : 'add' 'sub'> <InPorts = 2> <OutPorts = 1>
ST_6 : Operation 74 [1/1] (0.00ns)   --->   "%v85_V = partselect i30 @_ssdm_op_PartSelect.i30.i55.i32.i32, i55 %v84_V, i32 25, i32 54"   --->   Operation 74 'partselect' 'v85_V' <Predicate = (v37)> <Delay = 0.00>
ST_6 : Operation 75 [1/1] (0.27ns)   --->   "%v85_V_2 = select i1 %v37, i30 %v85_V, i30 %v34_V_load"   --->   Operation 75 'select' 'v85_V_2' <Predicate = true> <Delay = 0.27> <CoreInst = "Sel">   --->   Core 73 'Sel' <Latency = 0> <II = 1> <Delay = 0.27> <FuncUnit> <Opcode : 'select'> <InPorts = 3> <OutPorts = 1>
ST_6 : Operation 76 [1/1] (0.38ns)   --->   "%store_ln62 = store i30 %v85_V_2, i30 %v34_V" [kernel.cpp:62->kernel.cpp:228]   --->   Operation 76 'store' 'store_ln62' <Predicate = true> <Delay = 0.38>
ST_6 : Operation 77 [1/1] (0.00ns)   --->   "%br_ln62 = br void %for.body.i" [kernel.cpp:62->kernel.cpp:228]   --->   Operation 77 'br' 'br_ln62' <Predicate = true> <Delay = 0.00>


============================================================
+ Verbose Summary: Binding
============================================================
STG Binding: 
---------------- STG Properties BEGIN ----------------
- Is combinational: 0
- Is one-state seq: 0
- Is datapath-only: 0
- Is pipelined: 0
- Is top level: 0
Port [ Return ] is wired: 1; IO mode=ap_ctrl_hs:ce=0
Port [ count2_2_out]:  wired=1; compound=0; hidden=0; nouse=0; global=0; static=0; extern=0; dir=1; type=0; pingpong=0; private_global=0; IO mode=ap_vld:ce=0
---------------- STG Properties END ------------------

---------------- Datapath Model BEGIN ----------------

<LifeTime>
<method=bitvector/>
v62_V             (alloca           ) [ 0111100]
v57_V             (alloca           ) [ 0111100]
v34_V             (alloca           ) [ 0111111]
v38               (alloca           ) [ 0111100]
count1            (alloca           ) [ 0110000]
store_ln0         (store            ) [ 0000000]
store_ln0         (store            ) [ 0000000]
store_ln0         (store            ) [ 0000000]
store_ln0         (store            ) [ 0000000]
store_ln0         (store            ) [ 0000000]
br_ln0            (br               ) [ 0000000]
count1_1          (load             ) [ 0000000]
icmp_ln62         (icmp             ) [ 0111100]
empty             (speclooptripcount) [ 0000000]
count1_2          (add              ) [ 0000000]
br_ln62           (br               ) [ 0000000]
v62_V_load        (load             ) [ 0101100]
v57_V_load        (load             ) [ 0101100]
v42_V             (bitconcatenate   ) [ 0000000]
v44_V             (bitconcatenate   ) [ 0000000]
sext_ln1316       (sext             ) [ 0000000]
sext_ln1316_1     (sext             ) [ 0000000]
sext_ln1319       (sext             ) [ 0000000]
sext_ln1319_1     (sext             ) [ 0000000]
r_V_2             (mul              ) [ 0000000]
v48_V             (partselect       ) [ 0000000]
v52_V             (add              ) [ 0000000]
v53_V             (partselect       ) [ 0101100]
r_V               (mul              ) [ 0000000]
v58_V             (partselect       ) [ 0000000]
r_V_4             (mul              ) [ 0000000]
v63_V             (partselect       ) [ 0000000]
v66_V             (add              ) [ 0000000]
v70_V             (sub              ) [ 0000000]
v71_V             (partselect       ) [ 0101100]
v73_V             (bitconcatenate   ) [ 0000000]
sext_ln1316_2     (sext             ) [ 0111111]
v78_V             (bitconcatenate   ) [ 0000000]
sext_ln1316_3     (sext             ) [ 0111111]
store_ln62        (store            ) [ 0000000]
v34_V_load        (load             ) [ 0011011]
v38_load_1        (load             ) [ 0000000]
tmp               (partselect       ) [ 0000000]
v37               (icmp             ) [ 0011011]
v39               (add              ) [ 0000000]
v79_V             (select           ) [ 0000000]
v74_V             (select           ) [ 0000000]
count2_1          (select           ) [ 0000000]
store_ln62        (store            ) [ 0000000]
store_ln62        (store            ) [ 0000000]
store_ln62        (store            ) [ 0000000]
specpipeline_ln63 (specpipeline     ) [ 0000000]
specloopname_ln52 (specloopname     ) [ 0000000]
r_V_6             (mul              ) [ 0000000]
v76_V             (partselect       ) [ 0000000]
r_V_8             (mul              ) [ 0000000]
v81_V             (partselect       ) [ 0000000]
v84_V             (add              ) [ 0000000]
v85_V             (partselect       ) [ 0000000]
v85_V_2           (select           ) [ 0000000]
store_ln62        (store            ) [ 0000000]
br_ln62           (br               ) [ 0000000]
v38_load          (load             ) [ 0000000]
write_ln0         (write            ) [ 0000000]
ret_ln0           (ret              ) [ 0000000]
</LifeTime>

<model>

<comp_list>
<comp id="0" class="1000" name="count2_2_out">
<pin_list>
<pin id="1" dir="1" index="0" bw="1" slack="0"/>
</pin_list>
<bind>
<StgValue><ssdm name="count2_2_out"/></StgValue>
</bind>
</comp>

<comp id="2" class="1001" name="const_2">
<pin_list>
<pin id="3" dir="1" index="0" bw="1" slack="0"/>
</pin_list>
<bind>
<StgValue><ssdm name=""/></StgValue>
</bind>
</comp>

<comp id="4" class="1001" name="const_4">
<pin_list>
<pin id="5" dir="1" index="0" bw="1" slack="0"/>
</pin_list>
<bind>
<StgValue><ssdm name=""/></StgValue>
</bind>
</comp>

<comp id="6" class="1001" name="const_6">
<pin_list>
<pin id="7" dir="1" index="0" bw="1" slack="0"/>
</pin_list>
<bind>
<StgValue><ssdm name=""/></StgValue>
</bind>
</comp>

<comp id="8" class="1001" name="const_8">
<pin_list>
<pin id="9" dir="1" index="0" bw="1" slack="0"/>
</pin_list>
<bind>
<StgValue><ssdm name=""/></StgValue>
</bind>
</comp>

<comp id="10" class="1001" name="const_10">
<pin_list>
<pin id="11" dir="1" index="0" bw="1" slack="0"/>
</pin_list>
<bind>
<StgValue><ssdm name=""/></StgValue>
</bind>
</comp>

<comp id="12" class="1001" name="const_12">
<pin_list>
<pin id="13" dir="1" index="0" bw="1" slack="2147483647"/>
</pin_list>
<bind>
<StgValue><ssdm name="_ssdm_op_SpecLoopTripCount"/></StgValue>
</bind>
</comp>

<comp id="14" class="1001" name="const_14">
<pin_list>
<pin id="15" dir="1" index="0" bw="1" slack="2147483647"/>
</pin_list>
<bind>
<StgValue><ssdm name=""/></StgValue>
</bind>
</comp>

<comp id="16" class="1001" name="const_16">
<pin_list>
<pin id="17" dir="1" index="0" bw="1" slack="0"/>
</pin_list>
<bind>
<StgValue><ssdm name=""/></StgValue>
</bind>
</comp>

<comp id="18" class="1001" name="const_18">
<pin_list>
<pin id="19" dir="1" index="0" bw="1" slack="0"/>
</pin_list>
<bind>
<StgValue><ssdm name="_ssdm_op_BitConcatenate.i55.i30.i25"/></StgValue>
</bind>
</comp>

<comp id="20" class="1001" name="const_20">
<pin_list>
<pin id="21" dir="1" index="0" bw="1" slack="0"/>
</pin_list>
<bind>
<StgValue><ssdm name=""/></StgValue>
</bind>
</comp>

<comp id="22" class="1001" name="const_22">
<pin_list>
<pin id="23" dir="1" index="0" bw="1" slack="0"/>
</pin_list>
<bind>
<StgValue><ssdm name="_ssdm_op_PartSelect.i55.i104.i32.i32"/></StgValue>
</bind>
</comp>

<comp id="24" class="1001" name="const_24">
<pin_list>
<pin id="25" dir="1" index="0" bw="1" slack="0"/>
</pin_list>
<bind>
<StgValue><ssdm name=""/></StgValue>
</bind>
</comp>

<comp id="26" class="1001" name="const_26">
<pin_list>
<pin id="27" dir="1" index="0" bw="1" slack="0"/>
</pin_list>
<bind>
<StgValue><ssdm name=""/></StgValue>
</bind>
</comp>

<comp id="28" class="1001" name="const_28">
<pin_list>
<pin id="29" dir="1" index="0" bw="1" slack="0"/>
</pin_list>
<bind>
<StgValue><ssdm name=""/></StgValue>
</bind>
</comp>

<comp id="30" class="1001" name="const_30">
<pin_list>
<pin id="31" dir="1" index="0" bw="1" slack="0"/>
</pin_list>
<bind>
<StgValue><ssdm name="_ssdm_op_PartSelect.i30.i55.i32.i32"/></StgValue>
</bind>
</comp>

<comp id="32" class="1001" name="const_32">
<pin_list>
<pin id="33" dir="1" index="0" bw="1" slack="0"/>
</pin_list>
<bind>
<StgValue><ssdm name=""/></StgValue>
</bind>
</comp>

<comp id="34" class="1001" name="const_34">
<pin_list>
<pin id="35" dir="1" index="0" bw="1" slack="0"/>
</pin_list>
<bind>
<StgValue><ssdm name=""/></StgValue>
</bind>
</comp>

<comp id="36" class="1001" name="const_36">
<pin_list>
<pin id="37" dir="1" index="0" bw="1" slack="0"/>
</pin_list>
<bind>
<StgValue><ssdm name="_ssdm_op_PartSelect.i55.i105.i32.i32"/></StgValue>
</bind>
</comp>

<comp id="38" class="1001" name="const_38">
<pin_list>
<pin id="39" dir="1" index="0" bw="1" slack="0"/>
</pin_list>
<bind>
<StgValue><ssdm name=""/></StgValue>
</bind>
</comp>

<comp id="40" class="1001" name="const_40">
<pin_list>
<pin id="41" dir="1" index="0" bw="1" slack="0"/>
</pin_list>
<bind>
<StgValue><ssdm name=""/></StgValue>
</bind>
</comp>

<comp id="42" class="1001" name="const_42">
<pin_list>
<pin id="43" dir="1" index="0" bw="1" slack="0"/>
</pin_list>
<bind>
<StgValue><ssdm name=""/></StgValue>
</bind>
</comp>

<comp id="44" class="1001" name="const_44">
<pin_list>
<pin id="45" dir="1" index="0" bw="1" slack="0"/>
</pin_list>
<bind>
<StgValue><ssdm name="_ssdm_op_PartSelect.i3.i30.i32.i32"/></StgValue>
</bind>
</comp>

<comp id="46" class="1001" name="const_46">
<pin_list>
<pin id="47" dir="1" index="0" bw="1" slack="0"/>
</pin_list>
<bind>
<StgValue><ssdm name=""/></StgValue>
</bind>
</comp>

<comp id="48" class="1001" name="const_48">
<pin_list>
<pin id="49" dir="1" index="0" bw="1" slack="0"/>
</pin_list>
<bind>
<StgValue><ssdm name=""/></StgValue>
</bind>
</comp>

<comp id="50" class="1001" name="const_50">
<pin_list>
<pin id="51" dir="1" index="0" bw="1" slack="0"/>
</pin_list>
<bind>
<StgValue><ssdm name=""/></StgValue>
</bind>
</comp>

<comp id="52" class="1001" name="const_52">
<pin_list>
<pin id="53" dir="1" index="0" bw="1" slack="2147483647"/>
</pin_list>
<bind>
<StgValue><ssdm name="_ssdm_op_SpecPipeline"/></StgValue>
</bind>
</comp>

<comp id="54" class="1001" name="const_54">
<pin_list>
<pin id="55" dir="1" index="0" bw="1" slack="2147483647"/>
</pin_list>
<bind>
<StgValue><ssdm name=""/></StgValue>
</bind>
</comp>

<comp id="56" class="1001" name="const_56">
<pin_list>
<pin id="57" dir="1" index="0" bw="1" slack="2147483647"/>
</pin_list>
<bind>
<StgValue><ssdm name="empty_10"/></StgValue>
</bind>
</comp>

<comp id="58" class="1001" name="const_58">
<pin_list>
<pin id="59" dir="1" index="0" bw="1" slack="2147483647"/>
</pin_list>
<bind>
<StgValue><ssdm name="_ssdm_op_SpecLoopName"/></StgValue>
</bind>
</comp>

<comp id="60" class="1001" name="const_60">
<pin_list>
<pin id="61" dir="1" index="0" bw="1" slack="2147483647"/>
</pin_list>
<bind>
<StgValue><ssdm name="empty_6"/></StgValue>
</bind>
</comp>

<comp id="62" class="1001" name="const_62">
<pin_list>
<pin id="63" dir="1" index="0" bw="1" slack="0"/>
</pin_list>
<bind>
<StgValue><ssdm name="_ssdm_op_Write.ap_auto.i32P0A"/></StgValue>
</bind>
</comp>

<comp id="64" class="1004" name="v62_V_fu_64">
<pin_list>
<pin id="65" dir="0" index="0" bw="1" slack="0"/>
<pin id="66" dir="1" index="1" bw="30" slack="0"/>
</pin_list>
<bind>
<opcode="alloca(26) " fcode="alloca"/>
<opset="v62_V/1 "/>
</bind>
</comp>

<comp id="68" class="1004" name="v57_V_fu_68">
<pin_list>
<pin id="69" dir="0" index="0" bw="1" slack="0"/>
<pin id="70" dir="1" index="1" bw="30" slack="0"/>
</pin_list>
<bind>
<opcode="alloca(26) " fcode="alloca"/>
<opset="v57_V/1 "/>
</bind>
</comp>

<comp id="72" class="1004" name="v34_V_fu_72">
<pin_list>
<pin id="73" dir="0" index="0" bw="1" slack="0"/>
<pin id="74" dir="1" index="1" bw="30" slack="0"/>
</pin_list>
<bind>
<opcode="alloca(26) " fcode="alloca"/>
<opset="v34_V/1 "/>
</bind>
</comp>

<comp id="76" class="1004" name="v38_fu_76">
<pin_list>
<pin id="77" dir="0" index="0" bw="1" slack="0"/>
<pin id="78" dir="1" index="1" bw="32" slack="0"/>
</pin_list>
<bind>
<opcode="alloca(26) " fcode="alloca"/>
<opset="v38/1 "/>
</bind>
</comp>

<comp id="80" class="1004" name="count1_fu_80">
<pin_list>
<pin id="81" dir="0" index="0" bw="1" slack="0"/>
<pin id="82" dir="1" index="1" bw="10" slack="0"/>
</pin_list>
<bind>
<opcode="alloca(26) " fcode="alloca"/>
<opset="count1/1 "/>
</bind>
</comp>

<comp id="84" class="1004" name="write_ln0_write_fu_84">
<pin_list>
<pin id="85" dir="0" index="0" bw="0" slack="0"/>
<pin id="86" dir="0" index="1" bw="32" slack="0"/>
<pin id="87" dir="0" index="2" bw="32" slack="0"/>
<pin id="88" dir="1" index="3" bw="0" slack="2147483647"/>
</pin_list>
<bind>
<opcode="write(1151) " fcode="write"/>
<opset="write_ln0/3 "/>
</bind>
</comp>

<comp id="91" class="1004" name="store_ln0_store_fu_91">
<pin_list>
<pin id="92" dir="0" index="0" bw="1" slack="0"/>
<pin id="93" dir="0" index="1" bw="10" slack="0"/>
<pin id="94" dir="1" index="2" bw="0" slack="2147483647"/>
</pin_list>
<bind>
<opcode="store(28) " fcode="store"/>
<opset="store_ln0/1 "/>
</bind>
</comp>

<comp id="96" class="1004" name="store_ln0_store_fu_96">
<pin_list>
<pin id="97" dir="0" index="0" bw="1" slack="0"/>
<pin id="98" dir="0" index="1" bw="32" slack="0"/>
<pin id="99" dir="1" index="2" bw="0" slack="2147483647"/>
</pin_list>
<bind>
<opcode="store(28) " fcode="store"/>
<opset="store_ln0/1 "/>
</bind>
</comp>

<comp id="101" class="1004" name="store_ln0_store_fu_101">
<pin_list>
<pin id="102" dir="0" index="0" bw="1" slack="0"/>
<pin id="103" dir="0" index="1" bw="30" slack="0"/>
<pin id="104" dir="1" index="2" bw="0" slack="2147483647"/>
</pin_list>
<bind>
<opcode="store(28) " fcode="store"/>
<opset="store_ln0/1 "/>
</bind>
</comp>

<comp id="106" class="1004" name="store_ln0_store_fu_106">
<pin_list>
<pin id="107" dir="0" index="0" bw="1" slack="0"/>
<pin id="108" dir="0" index="1" bw="30" slack="0"/>
<pin id="109" dir="1" index="2" bw="0" slack="2147483647"/>
</pin_list>
<bind>
<opcode="store(28) " fcode="store"/>
<opset="store_ln0/1 "/>
</bind>
</comp>

<comp id="111" class="1004" name="store_ln0_store_fu_111">
<pin_list>
<pin id="112" dir="0" index="0" bw="1" slack="0"/>
<pin id="113" dir="0" index="1" bw="30" slack="0"/>
<pin id="114" dir="1" index="2" bw="0" slack="2147483647"/>
</pin_list>
<bind>
<opcode="store(28) " fcode="store"/>
<opset="store_ln0/1 "/>
</bind>
</comp>

<comp id="116" class="1004" name="count1_1_load_fu_116">
<pin_list>
<pin id="117" dir="0" index="0" bw="10" slack="1"/>
<pin id="118" dir="1" index="1" bw="10" slack="0"/>
</pin_list>
<bind>
<opcode="load(27) " fcode="load"/>
<opset="count1_1/2 "/>
</bind>
</comp>

<comp id="119" class="1004" name="icmp_ln62_fu_119">
<pin_list>
<pin id="120" dir="0" index="0" bw="10" slack="0"/>
<pin id="121" dir="0" index="1" bw="6" slack="0"/>
<pin id="122" dir="1" index="2" bw="1" slack="1"/>
</pin_list>
<bind>
<opcode="icmp(45) " fcode="icmp"/>
<opset="icmp_ln62/2 "/>
</bind>
</comp>

<comp id="125" class="1004" name="count1_2_fu_125">
<pin_list>
<pin id="126" dir="0" index="0" bw="10" slack="0"/>
<pin id="127" dir="0" index="1" bw="1" slack="0"/>
<pin id="128" dir="1" index="2" bw="10" slack="0"/>
</pin_list>
<bind>
<opcode="add(8) " fcode="add"/>
<opset="count1_2/2 "/>
</bind>
</comp>

<comp id="131" class="1004" name="v62_V_load_load_fu_131">
<pin_list>
<pin id="132" dir="0" index="0" bw="30" slack="1"/>
<pin id="133" dir="1" index="1" bw="30" slack="0"/>
</pin_list>
<bind>
<opcode="load(27) " fcode="load"/>
<opset="v62_V_load/2 "/>
</bind>
</comp>

<comp id="134" class="1004" name="v57_V_load_load_fu_134">
<pin_list>
<pin id="135" dir="0" index="0" bw="30" slack="1"/>
<pin id="136" dir="1" index="1" bw="30" slack="0"/>
</pin_list>
<bind>
<opcode="load(27) " fcode="load"/>
<opset="v57_V_load/2 "/>
</bind>
</comp>

<comp id="137" class="1004" name="v42_V_fu_137">
<pin_list>
<pin id="138" dir="0" index="0" bw="55" slack="0"/>
<pin id="139" dir="0" index="1" bw="30" slack="0"/>
<pin id="140" dir="0" index="2" bw="1" slack="0"/>
<pin id="141" dir="1" index="3" bw="55" slack="0"/>
</pin_list>
<bind>
<opcode="bitconcatenate(1004) " fcode="bitconcatenate"/>
<opset="v42_V/2 "/>
</bind>
</comp>

<comp id="145" class="1004" name="v44_V_fu_145">
<pin_list>
<pin id="146" dir="0" index="0" bw="55" slack="0"/>
<pin id="147" dir="0" index="1" bw="30" slack="0"/>
<pin id="148" dir="0" index="2" bw="1" slack="0"/>
<pin id="149" dir="1" index="3" bw="55" slack="0"/>
</pin_list>
<bind>
<opcode="bitconcatenate(1004) " fcode="bitconcatenate"/>
<opset="v44_V/2 "/>
</bind>
</comp>

<comp id="153" class="1004" name="sext_ln1316_fu_153">
<pin_list>
<pin id="154" dir="0" index="0" bw="55" slack="0"/>
<pin id="155" dir="1" index="1" bw="105" slack="0"/>
</pin_list>
<bind>
<opcode="sext(35) " fcode="sext"/>
<opset="sext_ln1316/2 "/>
</bind>
</comp>

<comp id="157" class="1004" name="sext_ln1316_1_fu_157">
<pin_list>
<pin id="158" dir="0" index="0" bw="55" slack="0"/>
<pin id="159" dir="1" index="1" bw="104" slack="0"/>
</pin_list>
<bind>
<opcode="sext(35) " fcode="sext"/>
<opset="sext_ln1316_1/2 "/>
</bind>
</comp>

<comp id="161" class="1004" name="sext_ln1319_fu_161">
<pin_list>
<pin id="162" dir="0" index="0" bw="55" slack="0"/>
<pin id="163" dir="1" index="1" bw="105" slack="0"/>
</pin_list>
<bind>
<opcode="sext(35) " fcode="sext"/>
<opset="sext_ln1319/2 "/>
</bind>
</comp>

<comp id="165" class="1004" name="sext_ln1319_1_fu_165">
<pin_list>
<pin id="166" dir="0" index="0" bw="55" slack="0"/>
<pin id="167" dir="1" index="1" bw="104" slack="0"/>
</pin_list>
<bind>
<opcode="sext(35) " fcode="sext"/>
<opset="sext_ln1319_1/2 "/>
</bind>
</comp>

<comp id="169" class="1004" name="r_V_2_fu_169">
<pin_list>
<pin id="170" dir="0" index="0" bw="55" slack="0"/>
<pin id="171" dir="0" index="1" bw="55" slack="0"/>
<pin id="172" dir="1" index="2" bw="104" slack="0"/>
</pin_list>
<bind>
<opcode="mul(12) " fcode="mul"/>
<opset="r_V_2/2 "/>
</bind>
</comp>

<comp id="175" class="1004" name="v48_V_fu_175">
<pin_list>
<pin id="176" dir="0" index="0" bw="55" slack="0"/>
<pin id="177" dir="0" index="1" bw="104" slack="0"/>
<pin id="178" dir="0" index="2" bw="7" slack="0"/>
<pin id="179" dir="0" index="3" bw="8" slack="0"/>
<pin id="180" dir="1" index="4" bw="55" slack="0"/>
</pin_list>
<bind>
<opcode="partselect(1002) " fcode="partselect"/>
<opset="v48_V/2 "/>
</bind>
</comp>

<comp id="185" class="1004" name="v52_V_fu_185">
<pin_list>
<pin id="186" dir="0" index="0" bw="55" slack="0"/>
<pin id="187" dir="0" index="1" bw="52" slack="0"/>
<pin id="188" dir="1" index="2" bw="55" slack="0"/>
</pin_list>
<bind>
<opcode="add(8) " fcode="add"/>
<opset="v52_V/2 "/>
</bind>
</comp>

<comp id="191" class="1004" name="v53_V_fu_191">
<pin_list>
<pin id="192" dir="0" index="0" bw="30" slack="0"/>
<pin id="193" dir="0" index="1" bw="55" slack="0"/>
<pin id="194" dir="0" index="2" bw="6" slack="0"/>
<pin id="195" dir="0" index="3" bw="7" slack="0"/>
<pin id="196" dir="1" index="4" bw="30" slack="0"/>
</pin_list>
<bind>
<opcode="partselect(1002) " fcode="partselect"/>
<opset="v53_V/2 "/>
</bind>
</comp>

<comp id="201" class="1004" name="r_V_fu_201">
<pin_list>
<pin id="202" dir="0" index="0" bw="55" slack="0"/>
<pin id="203" dir="0" index="1" bw="55" slack="0"/>
<pin id="204" dir="1" index="2" bw="105" slack="0"/>
</pin_list>
<bind>
<opcode="mul(12) " fcode="mul"/>
<opset="r_V/2 "/>
</bind>
</comp>

<comp id="207" class="1004" name="v58_V_fu_207">
<pin_list>
<pin id="208" dir="0" index="0" bw="55" slack="0"/>
<pin id="209" dir="0" index="1" bw="105" slack="0"/>
<pin id="210" dir="0" index="2" bw="7" slack="0"/>
<pin id="211" dir="0" index="3" bw="8" slack="0"/>
<pin id="212" dir="1" index="4" bw="55" slack="0"/>
</pin_list>
<bind>
<opcode="partselect(1002) " fcode="partselect"/>
<opset="v58_V/2 "/>
</bind>
</comp>

<comp id="217" class="1004" name="r_V_4_fu_217">
<pin_list>
<pin id="218" dir="0" index="0" bw="55" slack="0"/>
<pin id="219" dir="0" index="1" bw="55" slack="0"/>
<pin id="220" dir="1" index="2" bw="105" slack="0"/>
</pin_list>
<bind>
<opcode="mul(12) " fcode="mul"/>
<opset="r_V_4/2 "/>
</bind>
</comp>

<comp id="223" class="1004" name="v63_V_fu_223">
<pin_list>
<pin id="224" dir="0" index="0" bw="55" slack="0"/>
<pin id="225" dir="0" index="1" bw="105" slack="0"/>
<pin id="226" dir="0" index="2" bw="7" slack="0"/>
<pin id="227" dir="0" index="3" bw="8" slack="0"/>
<pin id="228" dir="1" index="4" bw="55" slack="0"/>
</pin_list>
<bind>
<opcode="partselect(1002) " fcode="partselect"/>
<opset="v63_V/2 "/>
</bind>
</comp>

<comp id="233" class="1004" name="v66_V_fu_233">
<pin_list>
<pin id="234" dir="0" index="0" bw="55" slack="0"/>
<pin id="235" dir="0" index="1" bw="52" slack="0"/>
<pin id="236" dir="1" index="2" bw="55" slack="0"/>
</pin_list>
<bind>
<opcode="add(8) " fcode="add"/>
<opset="v66_V/2 "/>
</bind>
</comp>

<comp id="239" class="1004" name="v70_V_fu_239">
<pin_list>
<pin id="240" dir="0" index="0" bw="55" slack="0"/>
<pin id="241" dir="0" index="1" bw="55" slack="0"/>
<pin id="242" dir="1" index="2" bw="55" slack="0"/>
</pin_list>
<bind>
<opcode="sub(10) " fcode="sub"/>
<opset="v70_V/2 "/>
</bind>
</comp>

<comp id="245" class="1004" name="v71_V_fu_245">
<pin_list>
<pin id="246" dir="0" index="0" bw="30" slack="0"/>
<pin id="247" dir="0" index="1" bw="55" slack="0"/>
<pin id="248" dir="0" index="2" bw="6" slack="0"/>
<pin id="249" dir="0" index="3" bw="7" slack="0"/>
<pin id="250" dir="1" index="4" bw="30" slack="0"/>
</pin_list>
<bind>
<opcode="partselect(1002) " fcode="partselect"/>
<opset="v71_V/2 "/>
</bind>
</comp>

<comp id="255" class="1004" name="v73_V_fu_255">
<pin_list>
<pin id="256" dir="0" index="0" bw="55" slack="0"/>
<pin id="257" dir="0" index="1" bw="30" slack="0"/>
<pin id="258" dir="0" index="2" bw="1" slack="0"/>
<pin id="259" dir="1" index="3" bw="55" slack="0"/>
</pin_list>
<bind>
<opcode="bitconcatenate(1004) " fcode="bitconcatenate"/>
<opset="v73_V/2 "/>
</bind>
</comp>

<comp id="263" class="1004" name="sext_ln1316_2_fu_263">
<pin_list>
<pin id="264" dir="0" index="0" bw="55" slack="0"/>
<pin id="265" dir="1" index="1" bw="105" slack="0"/>
</pin_list>
<bind>
<opcode="sext(35) " fcode="sext"/>
<opset="sext_ln1316_2/2 "/>
</bind>
</comp>

<comp id="267" class="1004" name="grp_fu_267">
<pin_list>
<pin id="268" dir="0" index="0" bw="55" slack="0"/>
<pin id="269" dir="0" index="1" bw="55" slack="0"/>
<pin id="270" dir="1" index="2" bw="105" slack="0"/>
</pin_list>
<bind>
<opcode="mul(12) " fcode="mul"/>
<opset="r_V_6/2 "/>
</bind>
</comp>

<comp id="273" class="1004" name="v78_V_fu_273">
<pin_list>
<pin id="274" dir="0" index="0" bw="55" slack="0"/>
<pin id="275" dir="0" index="1" bw="30" slack="0"/>
<pin id="276" dir="0" index="2" bw="1" slack="0"/>
<pin id="277" dir="1" index="3" bw="55" slack="0"/>
</pin_list>
<bind>
<opcode="bitconcatenate(1004) " fcode="bitconcatenate"/>
<opset="v78_V/2 "/>
</bind>
</comp>

<comp id="281" class="1004" name="sext_ln1316_3_fu_281">
<pin_list>
<pin id="282" dir="0" index="0" bw="55" slack="0"/>
<pin id="283" dir="1" index="1" bw="105" slack="0"/>
</pin_list>
<bind>
<opcode="sext(35) " fcode="sext"/>
<opset="sext_ln1316_3/2 "/>
</bind>
</comp>

<comp id="285" class="1004" name="grp_fu_285">
<pin_list>
<pin id="286" dir="0" index="0" bw="55" slack="0"/>
<pin id="287" dir="0" index="1" bw="55" slack="0"/>
<pin id="288" dir="1" index="2" bw="105" slack="0"/>
</pin_list>
<bind>
<opcode="mul(12) " fcode="mul"/>
<opset="r_V_8/2 "/>
</bind>
</comp>

<comp id="291" class="1004" name="store_ln62_store_fu_291">
<pin_list>
<pin id="292" dir="0" index="0" bw="10" slack="0"/>
<pin id="293" dir="0" index="1" bw="10" slack="1"/>
<pin id="294" dir="1" index="2" bw="0" slack="2147483647"/>
</pin_list>
<bind>
<opcode="store(28) " fcode="store"/>
<opset="store_ln62/2 "/>
</bind>
</comp>

<comp id="296" class="1004" name="v34_V_load_load_fu_296">
<pin_list>
<pin id="297" dir="0" index="0" bw="30" slack="3"/>
<pin id="298" dir="1" index="1" bw="30" slack="0"/>
</pin_list>
<bind>
<opcode="load(27) " fcode="load"/>
<opset="v34_V_load/4 "/>
</bind>
</comp>

<comp id="299" class="1004" name="v38_load_1_load_fu_299">
<pin_list>
<pin id="300" dir="0" index="0" bw="32" slack="3"/>
<pin id="301" dir="1" index="1" bw="32" slack="0"/>
</pin_list>
<bind>
<opcode="load(27) " fcode="load"/>
<opset="v38_load_1/4 "/>
</bind>
</comp>

<comp id="302" class="1004" name="tmp_fu_302">
<pin_list>
<pin id="303" dir="0" index="0" bw="3" slack="0"/>
<pin id="304" dir="0" index="1" bw="30" slack="0"/>
<pin id="305" dir="0" index="2" bw="6" slack="0"/>
<pin id="306" dir="0" index="3" bw="6" slack="0"/>
<pin id="307" dir="1" index="4" bw="3" slack="0"/>
</pin_list>
<bind>
<opcode="partselect(1002) " fcode="partselect"/>
<opset="tmp/4 "/>
</bind>
</comp>

<comp id="312" class="1004" name="v37_fu_312">
<pin_list>
<pin id="313" dir="0" index="0" bw="3" slack="0"/>
<pin id="314" dir="0" index="1" bw="1" slack="0"/>
<pin id="315" dir="1" index="2" bw="1" slack="0"/>
</pin_list>
<bind>
<opcode="icmp(45) " fcode="icmp"/>
<opset="v37/4 "/>
</bind>
</comp>

<comp id="318" class="1004" name="v39_fu_318">
<pin_list>
<pin id="319" dir="0" index="0" bw="32" slack="0"/>
<pin id="320" dir="0" index="1" bw="1" slack="0"/>
<pin id="321" dir="1" index="2" bw="32" slack="0"/>
</pin_list>
<bind>
<opcode="add(8) " fcode="add"/>
<opset="v39/4 "/>
</bind>
</comp>

<comp id="324" class="1004" name="v79_V_fu_324">
<pin_list>
<pin id="325" dir="0" index="0" bw="1" slack="0"/>
<pin id="326" dir="0" index="1" bw="30" slack="2"/>
<pin id="327" dir="0" index="2" bw="30" slack="2"/>
<pin id="328" dir="1" index="3" bw="30" slack="0"/>
</pin_list>
<bind>
<opcode="select(49) " fcode="select"/>
<opset="v79_V/4 "/>
</bind>
</comp>

<comp id="330" class="1004" name="v74_V_fu_330">
<pin_list>
<pin id="331" dir="0" index="0" bw="1" slack="0"/>
<pin id="332" dir="0" index="1" bw="30" slack="2"/>
<pin id="333" dir="0" index="2" bw="30" slack="2"/>
<pin id="334" dir="1" index="3" bw="30" slack="0"/>
</pin_list>
<bind>
<opcode="select(49) " fcode="select"/>
<opset="v74_V/4 "/>
</bind>
</comp>

<comp id="336" class="1004" name="count2_1_fu_336">
<pin_list>
<pin id="337" dir="0" index="0" bw="1" slack="0"/>
<pin id="338" dir="0" index="1" bw="32" slack="0"/>
<pin id="339" dir="0" index="2" bw="32" slack="0"/>
<pin id="340" dir="1" index="3" bw="32" slack="0"/>
</pin_list>
<bind>
<opcode="select(49) " fcode="select"/>
<opset="count2_1/4 "/>
</bind>
</comp>

<comp id="344" class="1004" name="store_ln62_store_fu_344">
<pin_list>
<pin id="345" dir="0" index="0" bw="32" slack="0"/>
<pin id="346" dir="0" index="1" bw="32" slack="3"/>
<pin id="347" dir="1" index="2" bw="0" slack="2147483647"/>
</pin_list>
<bind>
<opcode="store(28) " fcode="store"/>
<opset="store_ln62/4 "/>
</bind>
</comp>

<comp id="349" class="1004" name="store_ln62_store_fu_349">
<pin_list>
<pin id="350" dir="0" index="0" bw="30" slack="0"/>
<pin id="351" dir="0" index="1" bw="30" slack="3"/>
<pin id="352" dir="1" index="2" bw="0" slack="2147483647"/>
</pin_list>
<bind>
<opcode="store(28) " fcode="store"/>
<opset="store_ln62/4 "/>
</bind>
</comp>

<comp id="354" class="1004" name="store_ln62_store_fu_354">
<pin_list>
<pin id="355" dir="0" index="0" bw="30" slack="0"/>
<pin id="356" dir="0" index="1" bw="30" slack="3"/>
<pin id="357" dir="1" index="2" bw="0" slack="2147483647"/>
</pin_list>
<bind>
<opcode="store(28) " fcode="store"/>
<opset="store_ln62/4 "/>
</bind>
</comp>

<comp id="359" class="1004" name="v76_V_fu_359">
<pin_list>
<pin id="360" dir="0" index="0" bw="55" slack="0"/>
<pin id="361" dir="0" index="1" bw="105" slack="0"/>
<pin id="362" dir="0" index="2" bw="7" slack="0"/>
<pin id="363" dir="0" index="3" bw="8" slack="0"/>
<pin id="364" dir="1" index="4" bw="55" slack="0"/>
</pin_list>
<bind>
<opcode="partselect(1002) " fcode="partselect"/>
<opset="v76_V/6 "/>
</bind>
</comp>

<comp id="369" class="1004" name="v81_V_fu_369">
<pin_list>
<pin id="370" dir="0" index="0" bw="55" slack="0"/>
<pin id="371" dir="0" index="1" bw="105" slack="0"/>
<pin id="372" dir="0" index="2" bw="7" slack="0"/>
<pin id="373" dir="0" index="3" bw="8" slack="0"/>
<pin id="374" dir="1" index="4" bw="55" slack="0"/>
</pin_list>
<bind>
<opcode="partselect(1002) " fcode="partselect"/>
<opset="v81_V/6 "/>
</bind>
</comp>

<comp id="379" class="1004" name="v84_V_fu_379">
<pin_list>
<pin id="380" dir="0" index="0" bw="55" slack="0"/>
<pin id="381" dir="0" index="1" bw="55" slack="0"/>
<pin id="382" dir="1" index="2" bw="55" slack="0"/>
</pin_list>
<bind>
<opcode="add(8) " fcode="add"/>
<opset="v84_V/6 "/>
</bind>
</comp>

<comp id="385" class="1004" name="v85_V_fu_385">
<pin_list>
<pin id="386" dir="0" index="0" bw="30" slack="0"/>
<pin id="387" dir="0" index="1" bw="55" slack="0"/>
<pin id="388" dir="0" index="2" bw="6" slack="0"/>
<pin id="389" dir="0" index="3" bw="7" slack="0"/>
<pin id="390" dir="1" index="4" bw="30" slack="0"/>
</pin_list>
<bind>
<opcode="partselect(1002) " fcode="partselect"/>
<opset="v85_V/6 "/>
</bind>
</comp>

<comp id="395" class="1004" name="v85_V_2_fu_395">
<pin_list>
<pin id="396" dir="0" index="0" bw="1" slack="2"/>
<pin id="397" dir="0" index="1" bw="30" slack="0"/>
<pin id="398" dir="0" index="2" bw="30" slack="2"/>
<pin id="399" dir="1" index="3" bw="30" slack="0"/>
</pin_list>
<bind>
<opcode="select(49) " fcode="select"/>
<opset="v85_V_2/6 "/>
</bind>
</comp>

<comp id="401" class="1004" name="store_ln62_store_fu_401">
<pin_list>
<pin id="402" dir="0" index="0" bw="30" slack="0"/>
<pin id="403" dir="0" index="1" bw="30" slack="5"/>
<pin id="404" dir="1" index="2" bw="0" slack="2147483647"/>
</pin_list>
<bind>
<opcode="store(28) " fcode="store"/>
<opset="store_ln62/6 "/>
</bind>
</comp>

<comp id="406" class="1004" name="v38_load_load_fu_406">
<pin_list>
<pin id="407" dir="0" index="0" bw="32" slack="2"/>
<pin id="408" dir="1" index="1" bw="32" slack="0"/>
</pin_list>
<bind>
<opcode="load(27) " fcode="load"/>
<opset="v38_load/3 "/>
</bind>
</comp>

<comp id="410" class="1005" name="v62_V_reg_410">
<pin_list>
<pin id="411" dir="0" index="0" bw="30" slack="0"/>
<pin id="412" dir="1" index="1" bw="30" slack="0"/>
</pin_list>
<bind>
<opset="v62_V "/>
</bind>
</comp>

<comp id="417" class="1005" name="v57_V_reg_417">
<pin_list>
<pin id="418" dir="0" index="0" bw="30" slack="0"/>
<pin id="419" dir="1" index="1" bw="30" slack="0"/>
</pin_list>
<bind>
<opset="v57_V "/>
</bind>
</comp>

<comp id="424" class="1005" name="v34_V_reg_424">
<pin_list>
<pin id="425" dir="0" index="0" bw="30" slack="0"/>
<pin id="426" dir="1" index="1" bw="30" slack="0"/>
</pin_list>
<bind>
<opset="v34_V "/>
</bind>
</comp>

<comp id="431" class="1005" name="v38_reg_431">
<pin_list>
<pin id="432" dir="0" index="0" bw="32" slack="0"/>
<pin id="433" dir="1" index="1" bw="32" slack="0"/>
</pin_list>
<bind>
<opset="v38 "/>
</bind>
</comp>

<comp id="439" class="1005" name="count1_reg_439">
<pin_list>
<pin id="440" dir="0" index="0" bw="10" slack="0"/>
<pin id="441" dir="1" index="1" bw="10" slack="0"/>
</pin_list>
<bind>
<opset="count1 "/>
</bind>
</comp>

<comp id="446" class="1005" name="icmp_ln62_reg_446">
<pin_list>
<pin id="447" dir="0" index="0" bw="1" slack="1"/>
<pin id="448" dir="1" index="1" bw="1" slack="2147483647"/>
</pin_list>
<bind>
<opset="icmp_ln62 "/>
</bind>
</comp>

<comp id="450" class="1005" name="v62_V_load_reg_450">
<pin_list>
<pin id="451" dir="0" index="0" bw="30" slack="2"/>
<pin id="452" dir="1" index="1" bw="30" slack="2"/>
</pin_list>
<bind>
<opset="v62_V_load "/>
</bind>
</comp>

<comp id="455" class="1005" name="v57_V_load_reg_455">
<pin_list>
<pin id="456" dir="0" index="0" bw="30" slack="2"/>
<pin id="457" dir="1" index="1" bw="30" slack="2"/>
</pin_list>
<bind>
<opset="v57_V_load "/>
</bind>
</comp>

<comp id="460" class="1005" name="v53_V_reg_460">
<pin_list>
<pin id="461" dir="0" index="0" bw="30" slack="2"/>
<pin id="462" dir="1" index="1" bw="30" slack="2"/>
</pin_list>
<bind>
<opset="v53_V "/>
</bind>
</comp>

<comp id="465" class="1005" name="v71_V_reg_465">
<pin_list>
<pin id="466" dir="0" index="0" bw="30" slack="2"/>
<pin id="467" dir="1" index="1" bw="30" slack="2"/>
</pin_list>
<bind>
<opset="v71_V "/>
</bind>
</comp>

<comp id="470" class="1005" name="sext_ln1316_2_reg_470">
<pin_list>
<pin id="471" dir="0" index="0" bw="105" slack="1"/>
<pin id="472" dir="1" index="1" bw="105" slack="1"/>
</pin_list>
<bind>
<opset="sext_ln1316_2 "/>
</bind>
</comp>

<comp id="476" class="1005" name="sext_ln1316_3_reg_476">
<pin_list>
<pin id="477" dir="0" index="0" bw="105" slack="1"/>
<pin id="478" dir="1" index="1" bw="105" slack="1"/>
</pin_list>
<bind>
<opset="sext_ln1316_3 "/>
</bind>
</comp>

<comp id="482" class="1005" name="v34_V_load_reg_482">
<pin_list>
<pin id="483" dir="0" index="0" bw="30" slack="2"/>
<pin id="484" dir="1" index="1" bw="30" slack="2"/>
</pin_list>
<bind>
<opset="v34_V_load "/>
</bind>
</comp>

<comp id="487" class="1005" name="v37_reg_487">
<pin_list>
<pin id="488" dir="0" index="0" bw="1" slack="2"/>
<pin id="489" dir="1" index="1" bw="1" slack="2"/>
</pin_list>
<bind>
<opset="v37 "/>
</bind>
</comp>

</comp_list>

<net_list>
<net id="67"><net_src comp="2" pin="0"/><net_sink comp="64" pin=0"/></net>

<net id="71"><net_src comp="2" pin="0"/><net_sink comp="68" pin=0"/></net>

<net id="75"><net_src comp="2" pin="0"/><net_sink comp="72" pin=0"/></net>

<net id="79"><net_src comp="2" pin="0"/><net_sink comp="76" pin=0"/></net>

<net id="83"><net_src comp="2" pin="0"/><net_sink comp="80" pin=0"/></net>

<net id="89"><net_src comp="62" pin="0"/><net_sink comp="84" pin=0"/></net>

<net id="90"><net_src comp="0" pin="0"/><net_sink comp="84" pin=1"/></net>

<net id="95"><net_src comp="4" pin="0"/><net_sink comp="91" pin=0"/></net>

<net id="100"><net_src comp="6" pin="0"/><net_sink comp="96" pin=0"/></net>

<net id="105"><net_src comp="8" pin="0"/><net_sink comp="101" pin=0"/></net>

<net id="110"><net_src comp="8" pin="0"/><net_sink comp="106" pin=0"/></net>

<net id="115"><net_src comp="8" pin="0"/><net_sink comp="111" pin=0"/></net>

<net id="123"><net_src comp="116" pin="1"/><net_sink comp="119" pin=0"/></net>

<net id="124"><net_src comp="10" pin="0"/><net_sink comp="119" pin=1"/></net>

<net id="129"><net_src comp="116" pin="1"/><net_sink comp="125" pin=0"/></net>

<net id="130"><net_src comp="16" pin="0"/><net_sink comp="125" pin=1"/></net>

<net id="142"><net_src comp="18" pin="0"/><net_sink comp="137" pin=0"/></net>

<net id="143"><net_src comp="134" pin="1"/><net_sink comp="137" pin=1"/></net>

<net id="144"><net_src comp="20" pin="0"/><net_sink comp="137" pin=2"/></net>

<net id="150"><net_src comp="18" pin="0"/><net_sink comp="145" pin=0"/></net>

<net id="151"><net_src comp="131" pin="1"/><net_sink comp="145" pin=1"/></net>

<net id="152"><net_src comp="20" pin="0"/><net_sink comp="145" pin=2"/></net>

<net id="156"><net_src comp="137" pin="3"/><net_sink comp="153" pin=0"/></net>

<net id="160"><net_src comp="137" pin="3"/><net_sink comp="157" pin=0"/></net>

<net id="164"><net_src comp="145" pin="3"/><net_sink comp="161" pin=0"/></net>

<net id="168"><net_src comp="145" pin="3"/><net_sink comp="165" pin=0"/></net>

<net id="173"><net_src comp="165" pin="1"/><net_sink comp="169" pin=0"/></net>

<net id="174"><net_src comp="157" pin="1"/><net_sink comp="169" pin=1"/></net>

<net id="181"><net_src comp="22" pin="0"/><net_sink comp="175" pin=0"/></net>

<net id="182"><net_src comp="169" pin="2"/><net_sink comp="175" pin=1"/></net>

<net id="183"><net_src comp="24" pin="0"/><net_sink comp="175" pin=2"/></net>

<net id="184"><net_src comp="26" pin="0"/><net_sink comp="175" pin=3"/></net>

<net id="189"><net_src comp="175" pin="4"/><net_sink comp="185" pin=0"/></net>

<net id="190"><net_src comp="28" pin="0"/><net_sink comp="185" pin=1"/></net>

<net id="197"><net_src comp="30" pin="0"/><net_sink comp="191" pin=0"/></net>

<net id="198"><net_src comp="185" pin="2"/><net_sink comp="191" pin=1"/></net>

<net id="199"><net_src comp="32" pin="0"/><net_sink comp="191" pin=2"/></net>

<net id="200"><net_src comp="34" pin="0"/><net_sink comp="191" pin=3"/></net>

<net id="205"><net_src comp="153" pin="1"/><net_sink comp="201" pin=0"/></net>

<net id="206"><net_src comp="153" pin="1"/><net_sink comp="201" pin=1"/></net>

<net id="213"><net_src comp="36" pin="0"/><net_sink comp="207" pin=0"/></net>

<net id="214"><net_src comp="201" pin="2"/><net_sink comp="207" pin=1"/></net>

<net id="215"><net_src comp="38" pin="0"/><net_sink comp="207" pin=2"/></net>

<net id="216"><net_src comp="40" pin="0"/><net_sink comp="207" pin=3"/></net>

<net id="221"><net_src comp="161" pin="1"/><net_sink comp="217" pin=0"/></net>

<net id="222"><net_src comp="161" pin="1"/><net_sink comp="217" pin=1"/></net>

<net id="229"><net_src comp="36" pin="0"/><net_sink comp="223" pin=0"/></net>

<net id="230"><net_src comp="217" pin="2"/><net_sink comp="223" pin=1"/></net>

<net id="231"><net_src comp="38" pin="0"/><net_sink comp="223" pin=2"/></net>

<net id="232"><net_src comp="40" pin="0"/><net_sink comp="223" pin=3"/></net>

<net id="237"><net_src comp="207" pin="4"/><net_sink comp="233" pin=0"/></net>

<net id="238"><net_src comp="42" pin="0"/><net_sink comp="233" pin=1"/></net>

<net id="243"><net_src comp="233" pin="2"/><net_sink comp="239" pin=0"/></net>

<net id="244"><net_src comp="223" pin="4"/><net_sink comp="239" pin=1"/></net>

<net id="251"><net_src comp="30" pin="0"/><net_sink comp="245" pin=0"/></net>

<net id="252"><net_src comp="239" pin="2"/><net_sink comp="245" pin=1"/></net>

<net id="253"><net_src comp="32" pin="0"/><net_sink comp="245" pin=2"/></net>

<net id="254"><net_src comp="34" pin="0"/><net_sink comp="245" pin=3"/></net>

<net id="260"><net_src comp="18" pin="0"/><net_sink comp="255" pin=0"/></net>

<net id="261"><net_src comp="245" pin="4"/><net_sink comp="255" pin=1"/></net>

<net id="262"><net_src comp="20" pin="0"/><net_sink comp="255" pin=2"/></net>

<net id="266"><net_src comp="255" pin="3"/><net_sink comp="263" pin=0"/></net>

<net id="271"><net_src comp="263" pin="1"/><net_sink comp="267" pin=0"/></net>

<net id="272"><net_src comp="263" pin="1"/><net_sink comp="267" pin=1"/></net>

<net id="278"><net_src comp="18" pin="0"/><net_sink comp="273" pin=0"/></net>

<net id="279"><net_src comp="191" pin="4"/><net_sink comp="273" pin=1"/></net>

<net id="280"><net_src comp="20" pin="0"/><net_sink comp="273" pin=2"/></net>

<net id="284"><net_src comp="273" pin="3"/><net_sink comp="281" pin=0"/></net>

<net id="289"><net_src comp="281" pin="1"/><net_sink comp="285" pin=0"/></net>

<net id="290"><net_src comp="281" pin="1"/><net_sink comp="285" pin=1"/></net>

<net id="295"><net_src comp="125" pin="2"/><net_sink comp="291" pin=0"/></net>

<net id="308"><net_src comp="44" pin="0"/><net_sink comp="302" pin=0"/></net>

<net id="309"><net_src comp="296" pin="1"/><net_sink comp="302" pin=1"/></net>

<net id="310"><net_src comp="46" pin="0"/><net_sink comp="302" pin=2"/></net>

<net id="311"><net_src comp="48" pin="0"/><net_sink comp="302" pin=3"/></net>

<net id="316"><net_src comp="302" pin="4"/><net_sink comp="312" pin=0"/></net>

<net id="317"><net_src comp="50" pin="0"/><net_sink comp="312" pin=1"/></net>

<net id="322"><net_src comp="299" pin="1"/><net_sink comp="318" pin=0"/></net>

<net id="323"><net_src comp="2" pin="0"/><net_sink comp="318" pin=1"/></net>

<net id="329"><net_src comp="312" pin="2"/><net_sink comp="324" pin=0"/></net>

<net id="335"><net_src comp="312" pin="2"/><net_sink comp="330" pin=0"/></net>

<net id="341"><net_src comp="312" pin="2"/><net_sink comp="336" pin=0"/></net>

<net id="342"><net_src comp="318" pin="2"/><net_sink comp="336" pin=1"/></net>

<net id="343"><net_src comp="299" pin="1"/><net_sink comp="336" pin=2"/></net>

<net id="348"><net_src comp="336" pin="3"/><net_sink comp="344" pin=0"/></net>

<net id="353"><net_src comp="330" pin="3"/><net_sink comp="349" pin=0"/></net>

<net id="358"><net_src comp="324" pin="3"/><net_sink comp="354" pin=0"/></net>

<net id="365"><net_src comp="36" pin="0"/><net_sink comp="359" pin=0"/></net>

<net id="366"><net_src comp="267" pin="2"/><net_sink comp="359" pin=1"/></net>

<net id="367"><net_src comp="38" pin="0"/><net_sink comp="359" pin=2"/></net>

<net id="368"><net_src comp="40" pin="0"/><net_sink comp="359" pin=3"/></net>

<net id="375"><net_src comp="36" pin="0"/><net_sink comp="369" pin=0"/></net>

<net id="376"><net_src comp="285" pin="2"/><net_sink comp="369" pin=1"/></net>

<net id="377"><net_src comp="38" pin="0"/><net_sink comp="369" pin=2"/></net>

<net id="378"><net_src comp="40" pin="0"/><net_sink comp="369" pin=3"/></net>

<net id="383"><net_src comp="359" pin="4"/><net_sink comp="379" pin=0"/></net>

<net id="384"><net_src comp="369" pin="4"/><net_sink comp="379" pin=1"/></net>

<net id="391"><net_src comp="30" pin="0"/><net_sink comp="385" pin=0"/></net>

<net id="392"><net_src comp="379" pin="2"/><net_sink comp="385" pin=1"/></net>

<net id="393"><net_src comp="32" pin="0"/><net_sink comp="385" pin=2"/></net>

<net id="394"><net_src comp="34" pin="0"/><net_sink comp="385" pin=3"/></net>

<net id="400"><net_src comp="385" pin="4"/><net_sink comp="395" pin=1"/></net>

<net id="405"><net_src comp="395" pin="3"/><net_sink comp="401" pin=0"/></net>

<net id="409"><net_src comp="406" pin="1"/><net_sink comp="84" pin=2"/></net>

<net id="413"><net_src comp="64" pin="1"/><net_sink comp="410" pin=0"/></net>

<net id="414"><net_src comp="410" pin="1"/><net_sink comp="111" pin=1"/></net>

<net id="415"><net_src comp="410" pin="1"/><net_sink comp="131" pin=0"/></net>

<net id="416"><net_src comp="410" pin="1"/><net_sink comp="354" pin=1"/></net>

<net id="420"><net_src comp="68" pin="1"/><net_sink comp="417" pin=0"/></net>

<net id="421"><net_src comp="417" pin="1"/><net_sink comp="106" pin=1"/></net>

<net id="422"><net_src comp="417" pin="1"/><net_sink comp="134" pin=0"/></net>

<net id="423"><net_src comp="417" pin="1"/><net_sink comp="349" pin=1"/></net>

<net id="427"><net_src comp="72" pin="1"/><net_sink comp="424" pin=0"/></net>

<net id="428"><net_src comp="424" pin="1"/><net_sink comp="101" pin=1"/></net>

<net id="429"><net_src comp="424" pin="1"/><net_sink comp="296" pin=0"/></net>

<net id="430"><net_src comp="424" pin="1"/><net_sink comp="401" pin=1"/></net>

<net id="434"><net_src comp="76" pin="1"/><net_sink comp="431" pin=0"/></net>

<net id="435"><net_src comp="431" pin="1"/><net_sink comp="96" pin=1"/></net>

<net id="436"><net_src comp="431" pin="1"/><net_sink comp="299" pin=0"/></net>

<net id="437"><net_src comp="431" pin="1"/><net_sink comp="344" pin=1"/></net>

<net id="438"><net_src comp="431" pin="1"/><net_sink comp="406" pin=0"/></net>

<net id="442"><net_src comp="80" pin="1"/><net_sink comp="439" pin=0"/></net>

<net id="443"><net_src comp="439" pin="1"/><net_sink comp="91" pin=1"/></net>

<net id="444"><net_src comp="439" pin="1"/><net_sink comp="116" pin=0"/></net>

<net id="445"><net_src comp="439" pin="1"/><net_sink comp="291" pin=1"/></net>

<net id="449"><net_src comp="119" pin="2"/><net_sink comp="446" pin=0"/></net>

<net id="453"><net_src comp="131" pin="1"/><net_sink comp="450" pin=0"/></net>

<net id="454"><net_src comp="450" pin="1"/><net_sink comp="324" pin=2"/></net>

<net id="458"><net_src comp="134" pin="1"/><net_sink comp="455" pin=0"/></net>

<net id="459"><net_src comp="455" pin="1"/><net_sink comp="330" pin=2"/></net>

<net id="463"><net_src comp="191" pin="4"/><net_sink comp="460" pin=0"/></net>

<net id="464"><net_src comp="460" pin="1"/><net_sink comp="324" pin=1"/></net>

<net id="468"><net_src comp="245" pin="4"/><net_sink comp="465" pin=0"/></net>

<net id="469"><net_src comp="465" pin="1"/><net_sink comp="330" pin=1"/></net>

<net id="473"><net_src comp="263" pin="1"/><net_sink comp="470" pin=0"/></net>

<net id="474"><net_src comp="470" pin="1"/><net_sink comp="267" pin=0"/></net>

<net id="475"><net_src comp="470" pin="1"/><net_sink comp="267" pin=1"/></net>

<net id="479"><net_src comp="281" pin="1"/><net_sink comp="476" pin=0"/></net>

<net id="480"><net_src comp="476" pin="1"/><net_sink comp="285" pin=0"/></net>

<net id="481"><net_src comp="476" pin="1"/><net_sink comp="285" pin=1"/></net>

<net id="485"><net_src comp="296" pin="1"/><net_sink comp="482" pin=0"/></net>

<net id="486"><net_src comp="482" pin="1"/><net_sink comp="395" pin=2"/></net>

<net id="490"><net_src comp="312" pin="2"/><net_sink comp="487" pin=0"/></net>

<net id="491"><net_src comp="487" pin="1"/><net_sink comp="395" pin=0"/></net>

</net_list>

</model> 
---------------- Datapath Model END ------------------

* FSMD analyzer results:
  - Output states:
	Port: count2_2_out | {3 }
 - Input state : 
  - Chain level:
	State 1
		store_ln0 : 1
		store_ln0 : 1
		store_ln0 : 1
		store_ln0 : 1
		store_ln0 : 1
	State 2
		icmp_ln62 : 1
		count1_2 : 1
		br_ln62 : 2
		v42_V : 1
		v44_V : 1
		sext_ln1316 : 2
		sext_ln1316_1 : 2
		sext_ln1319 : 2
		sext_ln1319_1 : 2
		r_V_2 : 3
		v48_V : 4
		v52_V : 5
		v53_V : 6
		r_V : 3
		v58_V : 4
		r_V_4 : 3
		v63_V : 4
		v66_V : 5
		v70_V : 6
		v71_V : 7
		v73_V : 8
		sext_ln1316_2 : 9
		r_V_6 : 10
		v78_V : 7
		sext_ln1316_3 : 8
		r_V_8 : 9
		store_ln62 : 2
	State 3
		write_ln0 : 1
	State 4
		tmp : 1
		v37 : 2
		v39 : 1
		v79_V : 3
		v74_V : 3
		count2_1 : 3
		store_ln62 : 4
		store_ln62 : 4
		store_ln62 : 4
	State 5
	State 6
		v76_V : 1
		v81_V : 1
		v84_V : 2
		v85_V : 3
		v85_V_2 : 4
		store_ln62 : 5


============================================================
+ Verbose Summary: Datapath Resource usage 
============================================================

* Functional unit list:
|----------|-----------------------|---------|---------|---------|
| Operation|    Functional Unit    |   DSP   |    FF   |   LUT   |
|----------|-----------------------|---------|---------|---------|
|          |      r_V_2_fu_169     |    0    |    0    |   3181  |
|          |       r_V_fu_201      |    0    |    0    |   3181  |
|    mul   |      r_V_4_fu_217     |    0    |    0    |   3181  |
|          |       grp_fu_267      |    9    |   143   |   179   |
|          |       grp_fu_285      |    9    |   445   |   170   |
|----------|-----------------------|---------|---------|---------|
|          |    count1_2_fu_125    |    0    |    0    |    17   |
|          |      v52_V_fu_185     |    0    |    0    |    62   |
|    add   |      v66_V_fu_233     |    0    |    0    |    55   |
|          |       v39_fu_318      |    0    |    0    |    39   |
|          |      v84_V_fu_379     |    0    |    0    |    62   |
|----------|-----------------------|---------|---------|---------|
|          |      v79_V_fu_324     |    0    |    0    |    30   |
|  select  |      v74_V_fu_330     |    0    |    0    |    30   |
|          |    count2_1_fu_336    |    0    |    0    |    32   |
|          |     v85_V_2_fu_395    |    0    |    0    |    30   |
|----------|-----------------------|---------|---------|---------|
|    sub   |      v70_V_fu_239     |    0    |    0    |    55   |
|----------|-----------------------|---------|---------|---------|
|   icmp   |    icmp_ln62_fu_119   |    0    |    0    |    11   |
|          |       v37_fu_312      |    0    |    0    |    8    |
|----------|-----------------------|---------|---------|---------|
|   write  | write_ln0_write_fu_84 |    0    |    0    |    0    |
|----------|-----------------------|---------|---------|---------|
|          |      v42_V_fu_137     |    0    |    0    |    0    |
|bitconcatenate|      v44_V_fu_145     |    0    |    0    |    0    |
|          |      v73_V_fu_255     |    0    |    0    |    0    |
|          |      v78_V_fu_273     |    0    |    0    |    0    |
|----------|-----------------------|---------|---------|---------|
|          |   sext_ln1316_fu_153  |    0    |    0    |    0    |
|          |  sext_ln1316_1_fu_157 |    0    |    0    |    0    |
|   sext   |   sext_ln1319_fu_161  |    0    |    0    |    0    |
|          |  sext_ln1319_1_fu_165 |    0    |    0    |    0    |
|          |  sext_ln1316_2_fu_263 |    0    |    0    |    0    |
|          |  sext_ln1316_3_fu_281 |    0    |    0    |    0    |
|----------|-----------------------|---------|---------|---------|
|          |      v48_V_fu_175     |    0    |    0    |    0    |
|          |      v53_V_fu_191     |    0    |    0    |    0    |
|          |      v58_V_fu_207     |    0    |    0    |    0    |
|          |      v63_V_fu_223     |    0    |    0    |    0    |
|partselect|      v71_V_fu_245     |    0    |    0    |    0    |
|          |       tmp_fu_302      |    0    |    0    |    0    |
|          |      v76_V_fu_359     |    0    |    0    |    0    |
|          |      v81_V_fu_369     |    0    |    0    |    0    |
|          |      v85_V_fu_385     |    0    |    0    |    0    |
|----------|-----------------------|---------|---------|---------|
|   Total  |                       |    18   |   588   |  10323  |
|----------|-----------------------|---------|---------|---------|

Memories:
N/A

* Register list:
+---------------------+--------+
|                     |   FF   |
+---------------------+--------+
|    count1_reg_439   |   10   |
|  icmp_ln62_reg_446  |    1   |
|sext_ln1316_2_reg_470|   105  |
|sext_ln1316_3_reg_476|   105  |
|  v34_V_load_reg_482 |   30   |
|    v34_V_reg_424    |   30   |
|     v37_reg_487     |    1   |
|     v38_reg_431     |   32   |
|    v53_V_reg_460    |   30   |
|  v57_V_load_reg_455 |   30   |
|    v57_V_reg_417    |   30   |
|  v62_V_load_reg_450 |   30   |
|    v62_V_reg_410    |   30   |
|    v71_V_reg_465    |   30   |
+---------------------+--------+
|        Total        |   494  |
+---------------------+--------+

* Multiplexer (MUX) list: 
|------------|------|------|------|--------||---------||---------|
|    Comp    |  Pin | Size |  BW  | S x BW ||  Delay  ||   LUT   |
|------------|------|------|------|--------||---------||---------|
| grp_fu_267 |  p0  |   2  |  55  |   110  ||    9    |
| grp_fu_267 |  p1  |   2  |  55  |   110  ||    9    |
| grp_fu_285 |  p0  |   2  |  55  |   110  ||    9    |
| grp_fu_285 |  p1  |   2  |  55  |   110  ||    9    |
|------------|------|------|------|--------||---------||---------|
|    Total   |      |      |      |   440  ||  1.548  ||    36   |
|------------|------|------|------|--------||---------||---------|



* Summary:
+-----------+--------+--------+--------+--------+
|           |   DSP  |  Delay |   FF   |   LUT  |
+-----------+--------+--------+--------+--------+
|  Function |   18   |    -   |   588  |  10323 |
|   Memory  |    -   |    -   |    -   |    -   |
|Multiplexer|    -   |    1   |    -   |   36   |
|  Register |    -   |    -   |   494  |    -   |
+-----------+--------+--------+--------+--------+
|   Total   |   18   |    1   |  1082  |  10359 |
+-----------+--------+--------+--------+--------+
